<?xml version="1.0" encoding="UTF-8"?>
<!-- Generated by org.testng.reporters.JUnitReportReporter -->
<testsuite hostname="IN-GKTZ9K3" failures="0" tests="3" name="Runner.RunnerClass" time="175.573" errors="0" timestamp="09 Nov 2022 11:40:08 GMT" skipped="0">
  <testcase classname="Runner.RunnerClass" name="feature" time="44.228"/>
  <testcase classname="Runner.RunnerClass" name="feature" time="50.533"/>
  <testcase classname="Runner.RunnerClass" name="feature" time="80.812"/>
</testsuite> <!-- Runner.RunnerClass -->
